<?xml version="1.0" encoding="UTF-8"?>
<!-- Generated by org.testng.reporters.JUnitXMLReporter -->
<testsuite hostname="Feride-Air.home" ignored="0" name="Default test" tests="10" failures="0" timestamp="2020-04-04T07:48:37 EDT" time="234.166" errors="0">
  <testcase name="verifyHomePageTitle" time="2.731" classname="com.hubspot.tests.HomePageTest"/>
  <testcase name="getHomePageHeader" time="3.665" classname="com.hubspot.tests.HomePageTest"/>
  <testcase name="getTitle" time="3.112" classname="com.hubspot.tests.LoginPageTest"/>
  <testcase name="loginTest" time="1.657" classname="com.hubspot.tests.LoginPageTest"/>
  <testcase name="loginTest2" time="3.756" classname="com.hubspot.tests.LoginPageTest"/>
  <testcase name="verifyContactPageTitle" time="0.024" classname="com.hubspot.tests.ContactsPageTest"/>
  <testcase name="createNewContactTest" time="20.497" classname="com.hubspot.tests.ContactsPageTest"/>
  <testcase name="createNewContactTest" time="18.304" classname="com.hubspot.tests.ContactsPageTest"/>
  <testcase name="createNewContactTest" time="17.922" classname="com.hubspot.tests.ContactsPageTest"/>
  <testcase name="createNewContactTest" time="18.586" classname="com.hubspot.tests.ContactsPageTest"/>
</testsuite> <!-- Default test -->
